<?xml version="1.0" encoding="UTF-8"?>
<!-- Generated by org.testng.reporters.JUnitXMLReporter -->
<testsuite ignored="4" hostname="LAPTOP-R1C2DS9T" failures="0" tests="1" name="Default test" time="4.54" errors="0" timestamp="04 Feb 2024 19:28:16 GMT">
  <testcase classname="com.tutorialsninja.qa.testcases.Search_Test" name="TC_SF_006_verfiyMultipleSearchResults" time="0.626"/>
  <testcase classname="com.tutorialsninja.qa.testcases.Search_Test" name="TC_SF_002_verifySearchWithInValidProduct" time="0.0">
    <ignored/>
  </testcase> <!-- TC_SF_002_verifySearchWithInValidProduct -->
  <testcase classname="com.tutorialsninja.qa.testcases.Search_Test" name="TC_SF_001_verifySearchWithValidProduct" time="0.0">
    <ignored/>
  </testcase> <!-- TC_SF_001_verifySearchWithValidProduct -->
  <testcase classname="com.tutorialsninja.qa.testcases.Search_Test" name="TC_SF_004_verifySearchWithValidProduct_AfterLogin" time="0.0">
    <ignored/>
  </testcase> <!-- TC_SF_004_verifySearchWithValidProduct_AfterLogin -->
  <testcase classname="com.tutorialsninja.qa.testcases.Search_Test" name="TC_SF_003_verifySearchWithoutEnteringProduct" time="0.0">
    <ignored/>
  </testcase> <!-- TC_SF_003_verifySearchWithoutEnteringProduct -->
</testsuite> <!-- Default test -->
