<?xml version="1.0" encoding="UTF-8"?>
<!-- Generated by org.testng.reporters.JUnitXMLReporter -->
<testsuite ignored="3" hostname="LAPTOP-R1C2DS9T" failures="0" tests="1" name="Default test" time="6.799" errors="0" timestamp="22 Jan 2024 08:59:25 GMT">
  <testcase classname="com.tutorialsninja.qa.testcases.Search_Test" name="TC_SF_004_verifySearchWithValidProduct_AfterLogin" time="2.311"/>
  <testcase classname="com.tutorialsninja.qa.testcases.Search_Test" name="TC_SF_002_verifySearchWithInValidProduct" time="0.0">
    <ignored/>
  </testcase> <!-- TC_SF_002_verifySearchWithInValidProduct -->
  <testcase classname="com.tutorialsninja.qa.testcases.Search_Test" name="TC_SF_001_verifySearchWithValidProduct" time="0.0">
    <ignored/>
  </testcase> <!-- TC_SF_001_verifySearchWithValidProduct -->
  <testcase classname="com.tutorialsninja.qa.testcases.Search_Test" name="TC_SF_003_verifySearchWithoutEnteringProduct" time="0.0">
    <ignored/>
  </testcase> <!-- TC_SF_003_verifySearchWithoutEnteringProduct -->
</testsuite> <!-- Default test -->
