<?xml version="1.0" encoding="UTF-8"?>
<!-- Generated by org.testng.reporters.JUnitXMLReporter -->
<testsuite ignored="0" hostname="LAPTOP-R1C2DS9T" failures="0" tests="18" name="Tutorials Ninja Web App Test Cases" time="96.76" errors="0" timestamp="31 Oct 2023 16:41:48 GMT">
  <testcase classname="com.tutorialsninja.qa.testcases.Search" name="@BeforeMethod setup" time="0.0">
    <failure type="org.openqa.selenium.TimeoutException" message="timeout: Timed out receiving message from renderer: 9.166
  (Session info: chrome=118.0.5993.118)
Build info: version: &amp;apos;4.14.1&amp;apos;, revision: &amp;apos;03f8ede370&amp;apos;
System info: os.name: &amp;apos;Windows 11&amp;apos;, os.arch: &amp;apos;amd64&amp;apos;, os.version: &amp;apos;10.0&amp;apos;, java.version: &amp;apos;17.0.3&amp;apos;
Driver info: org.openqa.selenium.chrome.ChromeDriver
Command: [6db2e00646bccfb7a4519379ea50317f, get {url=https://tutorialsninja.com/demo/}]
Capabilities {acceptInsecureCerts: false, browserName: chrome, browserVersion: 118.0.5993.118, chrome: {chromedriverVersion: 118.0.5993.70 (e52f33f30b91..., userDataDir: C:\Users\Raghav\AppData\Loc...}, fedcm:accounts: true, goog:chromeOptions: {debuggerAddress: localhost:62128}, networkConnectionEnabled: false, pageLoadStrategy: normal, platformName: windows, proxy: Proxy(), se:cdp: ws://localhost:62128/devtoo..., se:cdpVersion: 118.0.5993.118, setWindowRect: true, strictFileInteractability: false, timeouts: {implicit: 0, pageLoad: 300000, script: 30000}, unhandledPromptBehavior: dismiss and notify, webauthn:extension:credBlob: true, webauthn:extension:largeBlob: true, webauthn:extension:minPinLength: true, webauthn:extension:prf: true, webauthn:virtualAuthenticators: true}
Session ID: 6db2e00646bccfb7a4519379ea50317f">
      <![CDATA[org.openqa.selenium.TimeoutException: timeout: Timed out receiving message from renderer: 9.166
  (Session info: chrome=118.0.5993.118)
Build info: version: '4.14.1', revision: '03f8ede370'
System info: os.name: 'Windows 11', os.arch: 'amd64', os.version: '10.0', java.version: '17.0.3'
Driver info: org.openqa.selenium.chrome.ChromeDriver
Command: [6db2e00646bccfb7a4519379ea50317f, get {url=https://tutorialsninja.com/demo/}]
Capabilities {acceptInsecureCerts: false, browserName: chrome, browserVersion: 118.0.5993.118, chrome: {chromedriverVersion: 118.0.5993.70 (e52f33f30b91..., userDataDir: C:\Users\Raghav\AppData\Loc...}, fedcm:accounts: true, goog:chromeOptions: {debuggerAddress: localhost:62128}, networkConnectionEnabled: false, pageLoadStrategy: normal, platformName: windows, proxy: Proxy(), se:cdp: ws://localhost:62128/devtoo..., se:cdpVersion: 118.0.5993.118, setWindowRect: true, strictFileInteractability: false, timeouts: {implicit: 0, pageLoad: 300000, script: 30000}, unhandledPromptBehavior: dismiss and notify, webauthn:extension:credBlob: true, webauthn:extension:largeBlob: true, webauthn:extension:minPinLength: true, webauthn:extension:prf: true, webauthn:virtualAuthenticators: true}
Session ID: 6db2e00646bccfb7a4519379ea50317f
	at org.openqa.selenium.remote.codec.w3c.W3CHttpResponseCodec.createException(W3CHttpResponseCodec.java:200)
	at org.openqa.selenium.remote.codec.w3c.W3CHttpResponseCodec.decode(W3CHttpResponseCodec.java:133)
	at org.openqa.selenium.remote.codec.w3c.W3CHttpResponseCodec.decode(W3CHttpResponseCodec.java:52)
	at org.openqa.selenium.remote.HttpCommandExecutor.execute(HttpCommandExecutor.java:191)
	at org.openqa.selenium.remote.service.DriverCommandExecutor.invokeExecute(DriverCommandExecutor.java:200)
	at org.openqa.selenium.remote.service.DriverCommandExecutor.execute(DriverCommandExecutor.java:175)
	at org.openqa.selenium.remote.RemoteWebDriver.execute(RemoteWebDriver.java:602)
	at org.openqa.selenium.remote.RemoteWebDriver.get(RemoteWebDriver.java:304)
	at com.tutorialsninja.qa.baseclass.BaseClass.initializeBrowserAndOpenURl(BaseClass.java:52)
	at com.tutorialsninja.qa.testcases.Search.setup(Search.java:27)
... Removed 32 stack frames]]>
    </failure>
  </testcase> <!-- @BeforeMethod setup -->
  <testcase classname="com.tutorialsninja.qa.testcases.Search" name="@AfterMethod tearDown" time="0.0">
    <skipped/>
  </testcase> <!-- @AfterMethod tearDown -->
  <testcase classname="com.tutorialsninja.qa.testcases.Search" name="@BeforeMethod setup" time="0.0">
    <skipped/>
  </testcase> <!-- @BeforeMethod setup -->
  <testcase classname="com.tutorialsninja.qa.testcases.Search" name="@AfterMethod tearDown" time="0.0">
    <skipped/>
  </testcase> <!-- @AfterMethod tearDown -->
  <testcase classname="com.tutorialsninja.qa.testcases.Login" name="@BeforeMethod setup" time="0.0">
    <failure type="org.openqa.selenium.TimeoutException" message="timeout: Timed out receiving message from renderer: 9.043
  (Session info: chrome=118.0.5993.118)
Build info: version: &amp;apos;4.14.1&amp;apos;, revision: &amp;apos;03f8ede370&amp;apos;
System info: os.name: &amp;apos;Windows 11&amp;apos;, os.arch: &amp;apos;amd64&amp;apos;, os.version: &amp;apos;10.0&amp;apos;, java.version: &amp;apos;17.0.3&amp;apos;
Driver info: org.openqa.selenium.chrome.ChromeDriver
Command: [cb0a7a398e4283177cf61c010e9b52b4, get {url=https://tutorialsninja.com/demo/}]
Capabilities {acceptInsecureCerts: false, browserName: chrome, browserVersion: 118.0.5993.118, chrome: {chromedriverVersion: 118.0.5993.70 (e52f33f30b91..., userDataDir: C:\Users\Raghav\AppData\Loc...}, fedcm:accounts: true, goog:chromeOptions: {debuggerAddress: localhost:62234}, networkConnectionEnabled: false, pageLoadStrategy: normal, platformName: windows, proxy: Proxy(), se:cdp: ws://localhost:62234/devtoo..., se:cdpVersion: 118.0.5993.118, setWindowRect: true, strictFileInteractability: false, timeouts: {implicit: 0, pageLoad: 300000, script: 30000}, unhandledPromptBehavior: dismiss and notify, webauthn:extension:credBlob: true, webauthn:extension:largeBlob: true, webauthn:extension:minPinLength: true, webauthn:extension:prf: true, webauthn:virtualAuthenticators: true}
Session ID: cb0a7a398e4283177cf61c010e9b52b4">
      <![CDATA[org.openqa.selenium.TimeoutException: timeout: Timed out receiving message from renderer: 9.043
  (Session info: chrome=118.0.5993.118)
Build info: version: '4.14.1', revision: '03f8ede370'
System info: os.name: 'Windows 11', os.arch: 'amd64', os.version: '10.0', java.version: '17.0.3'
Driver info: org.openqa.selenium.chrome.ChromeDriver
Command: [cb0a7a398e4283177cf61c010e9b52b4, get {url=https://tutorialsninja.com/demo/}]
Capabilities {acceptInsecureCerts: false, browserName: chrome, browserVersion: 118.0.5993.118, chrome: {chromedriverVersion: 118.0.5993.70 (e52f33f30b91..., userDataDir: C:\Users\Raghav\AppData\Loc...}, fedcm:accounts: true, goog:chromeOptions: {debuggerAddress: localhost:62234}, networkConnectionEnabled: false, pageLoadStrategy: normal, platformName: windows, proxy: Proxy(), se:cdp: ws://localhost:62234/devtoo..., se:cdpVersion: 118.0.5993.118, setWindowRect: true, strictFileInteractability: false, timeouts: {implicit: 0, pageLoad: 300000, script: 30000}, unhandledPromptBehavior: dismiss and notify, webauthn:extension:credBlob: true, webauthn:extension:largeBlob: true, webauthn:extension:minPinLength: true, webauthn:extension:prf: true, webauthn:virtualAuthenticators: true}
Session ID: cb0a7a398e4283177cf61c010e9b52b4
	at org.openqa.selenium.remote.codec.w3c.W3CHttpResponseCodec.createException(W3CHttpResponseCodec.java:200)
	at org.openqa.selenium.remote.codec.w3c.W3CHttpResponseCodec.decode(W3CHttpResponseCodec.java:133)
	at org.openqa.selenium.remote.codec.w3c.W3CHttpResponseCodec.decode(W3CHttpResponseCodec.java:52)
	at org.openqa.selenium.remote.HttpCommandExecutor.execute(HttpCommandExecutor.java:191)
	at org.openqa.selenium.remote.service.DriverCommandExecutor.invokeExecute(DriverCommandExecutor.java:200)
	at org.openqa.selenium.remote.service.DriverCommandExecutor.execute(DriverCommandExecutor.java:175)
	at org.openqa.selenium.remote.RemoteWebDriver.execute(RemoteWebDriver.java:602)
	at org.openqa.selenium.remote.RemoteWebDriver.get(RemoteWebDriver.java:304)
	at com.tutorialsninja.qa.baseclass.BaseClass.initializeBrowserAndOpenURl(BaseClass.java:52)
	at com.tutorialsninja.qa.testcases.Login.setup(Login.java:31)
... Removed 32 stack frames]]>
    </failure>
  </testcase> <!-- @BeforeMethod setup -->
  <testcase classname="com.tutorialsninja.qa.testcases.Login" name="@AfterMethod tearDown" time="0.0">
    <skipped/>
  </testcase> <!-- @AfterMethod tearDown -->
  <testcase classname="com.tutorialsninja.qa.testcases.Login" name="@BeforeMethod setup" time="0.0">
    <skipped/>
  </testcase> <!-- @BeforeMethod setup -->
  <testcase classname="com.tutorialsninja.qa.testcases.Login" name="@AfterMethod tearDown" time="0.0">
    <skipped/>
  </testcase> <!-- @AfterMethod tearDown -->
  <testcase classname="com.tutorialsninja.qa.testcases.Login" name="@BeforeMethod setup" time="0.0">
    <skipped/>
  </testcase> <!-- @BeforeMethod setup -->
  <testcase classname="com.tutorialsninja.qa.testcases.Login" name="@AfterMethod tearDown" time="0.0">
    <skipped/>
  </testcase> <!-- @AfterMethod tearDown -->
  <testcase classname="com.tutorialsninja.qa.testcases.Login" name="@BeforeMethod setup" time="0.0">
    <skipped/>
  </testcase> <!-- @BeforeMethod setup -->
  <testcase classname="com.tutorialsninja.qa.testcases.Login" name="@AfterMethod tearDown" time="0.0">
    <skipped/>
  </testcase> <!-- @AfterMethod tearDown -->
  <testcase classname="com.tutorialsninja.qa.testcases.Login" name="@BeforeMethod setup" time="0.0">
    <skipped/>
  </testcase> <!-- @BeforeMethod setup -->
  <testcase classname="com.tutorialsninja.qa.testcases.Login" name="@AfterMethod tearDown" time="0.0">
    <skipped/>
  </testcase> <!-- @AfterMethod tearDown -->
  <testcase classname="com.tutorialsninja.qa.testcases.Register" name="@BeforeMethod setup" time="0.0">
    <failure type="org.openqa.selenium.TimeoutException" message="timeout: Timed out receiving message from renderer: 9.137
  (Session info: chrome=118.0.5993.118)
Build info: version: &amp;apos;4.14.1&amp;apos;, revision: &amp;apos;03f8ede370&amp;apos;
System info: os.name: &amp;apos;Windows 11&amp;apos;, os.arch: &amp;apos;amd64&amp;apos;, os.version: &amp;apos;10.0&amp;apos;, java.version: &amp;apos;17.0.3&amp;apos;
Driver info: org.openqa.selenium.chrome.ChromeDriver
Command: [99356e72f2fd397a3474ff574803680b, get {url=https://tutorialsninja.com/demo/}]
Capabilities {acceptInsecureCerts: false, browserName: chrome, browserVersion: 118.0.5993.118, chrome: {chromedriverVersion: 118.0.5993.70 (e52f33f30b91..., userDataDir: C:\Users\Raghav\AppData\Loc...}, fedcm:accounts: true, goog:chromeOptions: {debuggerAddress: localhost:62252}, networkConnectionEnabled: false, pageLoadStrategy: normal, platformName: windows, proxy: Proxy(), se:cdp: ws://localhost:62252/devtoo..., se:cdpVersion: 118.0.5993.118, setWindowRect: true, strictFileInteractability: false, timeouts: {implicit: 0, pageLoad: 300000, script: 30000}, unhandledPromptBehavior: dismiss and notify, webauthn:extension:credBlob: true, webauthn:extension:largeBlob: true, webauthn:extension:minPinLength: true, webauthn:extension:prf: true, webauthn:virtualAuthenticators: true}
Session ID: 99356e72f2fd397a3474ff574803680b">
      <![CDATA[org.openqa.selenium.TimeoutException: timeout: Timed out receiving message from renderer: 9.137
  (Session info: chrome=118.0.5993.118)
Build info: version: '4.14.1', revision: '03f8ede370'
System info: os.name: 'Windows 11', os.arch: 'amd64', os.version: '10.0', java.version: '17.0.3'
Driver info: org.openqa.selenium.chrome.ChromeDriver
Command: [99356e72f2fd397a3474ff574803680b, get {url=https://tutorialsninja.com/demo/}]
Capabilities {acceptInsecureCerts: false, browserName: chrome, browserVersion: 118.0.5993.118, chrome: {chromedriverVersion: 118.0.5993.70 (e52f33f30b91..., userDataDir: C:\Users\Raghav\AppData\Loc...}, fedcm:accounts: true, goog:chromeOptions: {debuggerAddress: localhost:62252}, networkConnectionEnabled: false, pageLoadStrategy: normal, platformName: windows, proxy: Proxy(), se:cdp: ws://localhost:62252/devtoo..., se:cdpVersion: 118.0.5993.118, setWindowRect: true, strictFileInteractability: false, timeouts: {implicit: 0, pageLoad: 300000, script: 30000}, unhandledPromptBehavior: dismiss and notify, webauthn:extension:credBlob: true, webauthn:extension:largeBlob: true, webauthn:extension:minPinLength: true, webauthn:extension:prf: true, webauthn:virtualAuthenticators: true}
Session ID: 99356e72f2fd397a3474ff574803680b
	at org.openqa.selenium.remote.codec.w3c.W3CHttpResponseCodec.createException(W3CHttpResponseCodec.java:200)
	at org.openqa.selenium.remote.codec.w3c.W3CHttpResponseCodec.decode(W3CHttpResponseCodec.java:133)
	at org.openqa.selenium.remote.codec.w3c.W3CHttpResponseCodec.decode(W3CHttpResponseCodec.java:52)
	at org.openqa.selenium.remote.HttpCommandExecutor.execute(HttpCommandExecutor.java:191)
	at org.openqa.selenium.remote.service.DriverCommandExecutor.invokeExecute(DriverCommandExecutor.java:200)
	at org.openqa.selenium.remote.service.DriverCommandExecutor.execute(DriverCommandExecutor.java:175)
	at org.openqa.selenium.remote.RemoteWebDriver.execute(RemoteWebDriver.java:602)
	at org.openqa.selenium.remote.RemoteWebDriver.get(RemoteWebDriver.java:304)
	at com.tutorialsninja.qa.baseclass.BaseClass.initializeBrowserAndOpenURl(BaseClass.java:52)
	at com.tutorialsninja.qa.testcases.Register.setup(Register.java:28)
... Removed 32 stack frames]]>
    </failure>
  </testcase> <!-- @BeforeMethod setup -->
  <testcase classname="com.tutorialsninja.qa.testcases.Register" name="@AfterMethod tearDown" time="0.0">
    <skipped/>
  </testcase> <!-- @AfterMethod tearDown -->
  <testcase classname="com.tutorialsninja.qa.testcases.Register" name="@BeforeMethod setup" time="0.0">
    <skipped/>
  </testcase> <!-- @BeforeMethod setup -->
  <testcase classname="com.tutorialsninja.qa.testcases.Register" name="@AfterMethod tearDown" time="0.0">
    <skipped/>
  </testcase> <!-- @AfterMethod tearDown -->
  <testcase classname="com.tutorialsninja.qa.testcases.Login" name="@BeforeMethod setup" time="0.0">
    <skipped/>
  </testcase> <!-- @BeforeMethod setup -->
  <testcase classname="com.tutorialsninja.qa.testcases.Login" name="@AfterMethod tearDown" time="0.0">
    <skipped/>
  </testcase> <!-- @AfterMethod tearDown -->
  <testcase classname="com.tutorialsninja.qa.testcases.Login" name="@BeforeMethod setup" time="0.0">
    <skipped/>
  </testcase> <!-- @BeforeMethod setup -->
  <testcase classname="com.tutorialsninja.qa.testcases.Login" name="@AfterMethod tearDown" time="0.0">
    <skipped/>
  </testcase> <!-- @AfterMethod tearDown -->
  <testcase classname="com.tutorialsninja.qa.testcases.Login" name="@BeforeMethod setup" time="0.0">
    <skipped/>
  </testcase> <!-- @BeforeMethod setup -->
  <testcase classname="com.tutorialsninja.qa.testcases.Login" name="@AfterMethod tearDown" time="0.0">
    <skipped/>
  </testcase> <!-- @AfterMethod tearDown -->
  <testcase classname="com.tutorialsninja.qa.testcases.Register" name="TC_RF_001_verifyRegisterAccountWithMandatoryFields" time="1.089"/>
  <testcase classname="com.tutorialsninja.qa.testcases.Search" name="TC_SF_001_verifySearchWithValidProduct" time="0.81"/>
  <testcase classname="com.tutorialsninja.qa.testcases.Search" name="TC_SF_002_verifySearchWithInValidProduct" time="0.002">
    <skipped/>
  </testcase> <!-- TC_SF_002_verifySearchWithInValidProduct -->
  <testcase classname="com.tutorialsninja.qa.testcases.Search" name="TC_SF_003_verifySearchWithoutEnteringProduct" time="0.001">
    <skipped/>
  </testcase> <!-- TC_SF_003_verifySearchWithoutEnteringProduct -->
  <testcase classname="com.tutorialsninja.qa.testcases.Login" name="TC_LF_001_verifyLoginWithValidCredentials" time="0.799"/>
  <testcase classname="com.tutorialsninja.qa.testcases.Register" name="TC_RF_001_verifyRegisterAccountWithAllFields" time="1.158"/>
  <testcase classname="com.tutorialsninja.qa.testcases.Login" name="TC_LF_002_verifyLoginWithInValidCredentials" time="0.594"/>
  <testcase classname="com.tutorialsninja.qa.testcases.Login" name="TC_LF_002_verifyLoginWithInValidCredentialsDataProvider" time="0.569"/>
  <testcase classname="com.tutorialsninja.qa.testcases.Login" name="TC_LF_002_verifyLoginWithInValidCredentialsDataProvider" time="0.001">
    <skipped/>
  </testcase> <!-- TC_LF_002_verifyLoginWithInValidCredentialsDataProvider -->
  <testcase classname="com.tutorialsninja.qa.testcases.Login" name="TC_LF_002_verifyLoginWithInValidCredentialsDataProvider" time="0.001">
    <skipped/>
  </testcase> <!-- TC_LF_002_verifyLoginWithInValidCredentialsDataProvider -->
  <testcase classname="com.tutorialsninja.qa.testcases.Login" name="TC_LF_002_verifyLoginWithInValidCredentialsDataProviderExcel" time="0.001">
    <skipped/>
  </testcase> <!-- TC_LF_002_verifyLoginWithInValidCredentialsDataProviderExcel -->
  <testcase classname="com.tutorialsninja.qa.testcases.Login" name="TC_LF_002_verifyLoginWithInValidCredentialsDataProviderExcel" time="0.0">
    <skipped/>
  </testcase> <!-- TC_LF_002_verifyLoginWithInValidCredentialsDataProviderExcel -->
  <testcase classname="com.tutorialsninja.qa.testcases.Login" name="TC_LF_002_verifyLoginWithInValidCredentialsDataProviderExcel" time="0.0">
    <skipped/>
  </testcase> <!-- TC_LF_002_verifyLoginWithInValidCredentialsDataProviderExcel -->
  <testcase classname="com.tutorialsninja.qa.testcases.Register" name="TC_RF_004_verifyRegisterAccountWithoutGivingAnyFields" time="0.002">
    <skipped/>
  </testcase> <!-- TC_RF_004_verifyRegisterAccountWithoutGivingAnyFields -->
  <testcase classname="com.tutorialsninja.qa.testcases.Register" name="TC_RF_009_verifyRegisterAccountWithExsitingEmailAddress" time="0.001">
    <skipped/>
  </testcase> <!-- TC_RF_009_verifyRegisterAccountWithExsitingEmailAddress -->
  <testcase classname="com.tutorialsninja.qa.testcases.Login" name="TC_LF_004_verifyLoginWithValidEmailAndInvalidPassword" time="0.001">
    <skipped/>
  </testcase> <!-- TC_LF_004_verifyLoginWithValidEmailAndInvalidPassword -->
  <testcase classname="com.tutorialsninja.qa.testcases.Login" name="TC_LF_003_verifyLoginWithInalidEmailAndValidPassword" time="0.001">
    <skipped/>
  </testcase> <!-- TC_LF_003_verifyLoginWithInalidEmailAndValidPassword -->
  <testcase classname="com.tutorialsninja.qa.testcases.Login" name="TC_LF_005_verifyLoginWithputProvidingCredentials" time="0.001">
    <skipped/>
  </testcase> <!-- TC_LF_005_verifyLoginWithputProvidingCredentials -->
</testsuite> <!-- Tutorials Ninja Web App Test Cases -->
