<?xml version="1.0" encoding="UTF-8"?>
<testng-results ignored="3" total="4" passed="1" failed="0" skipped="0">
  <reporter-output>
  </reporter-output>
  <suite started-at="2024-01-22T08:59:18Z" name="Default suite" finished-at="2024-01-22T08:59:25Z" duration-ms="6799">
    <groups>
    </groups>
    <test started-at="2024-01-22T08:59:18Z" name="Default test" finished-at="2024-01-22T08:59:25Z" duration-ms="6799">
      <class name="com.tutorialsninja.qa.testcases.Search_Test">
        <test-method is-config="true" signature="setup()[pri:0, instance:com.tutorialsninja.qa.testcases.Search_Test@1ab06251]" started-at="2024-01-22T14:29:18Z" name="setup" finished-at="2024-01-22T14:29:23Z" duration-ms="4303" status="PASS">
          <reporter-output>
          </reporter-output>
        </test-method> <!-- setup -->
        <test-method signature="TC_SF_004_verifySearchWithValidProduct_AfterLogin()[pri:1, instance:com.tutorialsninja.qa.testcases.Search_Test@1ab06251]" started-at="2024-01-22T14:29:23Z" name="TC_SF_004_verifySearchWithValidProduct_AfterLogin" finished-at="2024-01-22T14:29:25Z" duration-ms="2311" status="PASS">
          <reporter-output>
          </reporter-output>
        </test-method> <!-- TC_SF_004_verifySearchWithValidProduct_AfterLogin -->
        <test-method is-config="true" signature="tearDown()[pri:0, instance:com.tutorialsninja.qa.testcases.Search_Test@1ab06251]" started-at="2024-01-22T14:29:25Z" name="tearDown" finished-at="2024-01-22T14:29:25Z" duration-ms="168" status="PASS">
          <reporter-output>
          </reporter-output>
        </test-method> <!-- tearDown -->
      </class> <!-- com.tutorialsninja.qa.testcases.Search_Test -->
    </test> <!-- Default test -->
  </suite> <!-- Default suite -->
</testng-results>
